TN:
SF:/Users/andresv/EventSonic/EventSonic/EventSonic/AccountController.h
FN:13,-[AccountController username]
FN:13,-[AccountController setUsername:]
FNDA:0,-[AccountController username]
FNDA:0,-[AccountController setUsername:]
FNF:2
FNH:0
DA:13,0
LF:1
LH:0
end_of_record
TN:
SF:/Users/andresv/EventSonic/EventSonic/EventSonic/AccountController.m
FN:15,-[AccountController .cxx_destruct]
FN:17,-[AccountController viewDidLoad]
FN:22,-[AccountController didReceiveMemoryWarning]
FN:27,-[AccountController click:]
FNDA:0,-[AccountController viewDidLoad]
FNDA:0,-[AccountController .cxx_destruct]
FNDA:0,-[AccountController didReceiveMemoryWarning]
FNDA:0,-[AccountController click:]
FNF:4
FNH:0
DA:15,0
DA:18,0
DA:20,0
DA:23,0
DA:25,0
DA:29,0
LF:6
LH:0
end_of_record
TN:
SF:/Users/andresv/EventSonic/EventSonic/EventSonic/AppDelegate.h
FN:15,-[AppDelegate setWindow:]
FN:15,-[AppDelegate window]
FNDA:1,-[AppDelegate setWindow:]
FNDA:3,-[AppDelegate window]
FNF:2
FNH:2
DA:15,4
LF:1
LH:1
end_of_record
TN:
SF:/Users/andresv/EventSonic/EventSonic/EventSonic/AppDelegate.m
FN:16,-[AppDelegate .cxx_destruct]
FN:19,-[AppDelegate application:didFinishLaunchingWithOptions:]
FN:25,-[AppDelegate applicationWillResignActive:]
FN:30,-[AppDelegate applicationDidEnterBackground:]
FN:35,-[AppDelegate applicationWillEnterForeground:]
FN:39,-[AppDelegate applicationDidBecomeActive:]
FN:43,-[AppDelegate applicationWillTerminate:]
FN:55,-[AppDelegate applicationDocumentsDirectory]
FN:60,-[AppDelegate managedObjectModel]
FN:70,-[AppDelegate persistentStoreCoordinator]
FN:99,-[AppDelegate managedObjectContext]
FN:116,-[AppDelegate saveContext]
FNDA:0,-[AppDelegate applicationWillResignActive:]
FNDA:11,-[AppDelegate managedObjectContext]
FNDA:1,-[AppDelegate applicationDidBecomeActive:]
FNDA:0,-[AppDelegate applicationWillEnterForeground:]
FNDA:1,-[AppDelegate applicationDocumentsDirectory]
FNDA:0,-[AppDelegate applicationDidEnterBackground:]
FNDA:0,-[AppDelegate .cxx_destruct]
FNDA:0,-[AppDelegate applicationWillTerminate:]
FNDA:1,-[AppDelegate application:didFinishLaunchingWithOptions:]
FNDA:1,-[AppDelegate managedObjectModel]
FNDA:0,-[AppDelegate saveContext]
FNDA:1,-[AppDelegate persistentStoreCoordinator]
FNF:12
FNH:6
DA:16,0
DA:21,1
DA:22,1
DA:23,1
DA:28,0
DA:33,0
DA:37,0
DA:41,1
DA:46,0
DA:47,0
DA:57,1
DA:62,1
DA:63,0
DA:65,1
DA:66,1
DA:67,1
DA:68,2
DA:72,1
DA:73,0
DA:78,1
DA:79,1
DA:80,1
DA:81,1
DA:82,1
DA:84,0
DA:85,0
DA:86,0
DA:87,0
DA:88,0
DA:91,0
DA:92,0
DA:95,1
DA:96,2
DA:101,11
DA:102,10
DA:105,1
DA:106,1
DA:107,0
DA:109,1
DA:110,1
DA:111,1
DA:112,12
DA:117,0
DA:118,0
DA:119,0
DA:120,0
DA:123,0
DA:124,0
DA:126,0
DA:127,0
LF:50
LH:26
end_of_record
TN:
SF:/Users/andresv/EventSonic/EventSonic/EventSonic/EventsController.h
FN:16,-[EventsController name]
FN:16,-[EventsController setName:]
FN:17,-[EventsController setDate:]
FN:17,-[EventsController date]
FN:18,-[EventsController location]
FN:18,-[EventsController setLocation:]
FN:19,-[EventsController details]
FN:19,-[EventsController setDetails:]
FN:20,-[EventsController setOwner:]
FN:20,-[EventsController owner]
FN:21,-[EventsController rating]
FN:21,-[EventsController setRating:]
FN:24,-[EventsController events]
FN:24,-[EventsController setEvents:]
FN:25,-[EventsController setManagedObjectContext:]
FNDA:1,-[EventsController name]
FNDA:0,-[EventsController setManagedObjectContext:]
FNDA:8,-[EventsController setLocation:]
FNDA:8,-[EventsController setName:]
FNDA:8,-[EventsController setDetails:]
FNDA:0,-[EventsController owner]
FNDA:4,-[EventsController setDate:]
FNDA:1,-[EventsController date]
FNDA:0,-[EventsController rating]
FNDA:4,-[EventsController location]
FNDA:0,-[EventsController setRating:]
FNDA:0,-[EventsController events]
FNDA:4,-[EventsController setEvents:]
FNDA:1,-[EventsController details]
FNDA:0,-[EventsController setOwner:]
FNF:15
FNH:9
DA:16,9
DA:17,5
DA:18,12
DA:19,9
DA:20,0
DA:21,0
DA:24,4
DA:25,0
LF:8
LH:5
end_of_record
TN:
SF:/Users/andresv/EventSonic/EventSonic/EventSonic/EventsController.m
FN:11,-[EventsController .cxx_destruct]
FN:19,-[EventsController viewDidLoad]
FN:29,-[EventsController didReceiveMemoryWarning]
FN:34,-[EventsController editEvent:]
FN:48,-[EventsController clickBack:]
FN:58,-[EventsController clickSave:]
FN:148,-[EventsController managedObjectContext]
FN:155,-[EventsController textFieldShouldReturn:]
FN:166,-[EventsController touchesBegan:withEvent:]
FNDA:1,-[EventsController .cxx_destruct]
FNDA:0,-[EventsController touchesBegan:withEvent:]
FNDA:0,-[EventsController didReceiveMemoryWarning]
FNDA:8,-[EventsController managedObjectContext]
FNDA:4,-[EventsController viewDidLoad]
FNDA:1,-[EventsController clickSave:]
FNDA:0,-[EventsController textFieldShouldReturn:]
FNDA:0,-[EventsController clickBack:]
FNDA:2,-[EventsController editEvent:]
FNF:9
FNH:5
DA:11,1
DA:20,4
DA:21,4
DA:24,4
DA:25,4
DA:26,4
DA:27,4
DA:30,0
DA:32,0
DA:36,2
DA:37,2
DA:38,2
DA:39,2
DA:40,2
DA:41,2
DA:42,2
DA:43,2
DA:44,2
DA:45,2
DA:49,0
DA:50,0
DA:51,0
DA:52,0
DA:53,0
DA:54,0
DA:55,0
DA:56,0
DA:59,1
DA:61,0
DA:62,0
DA:63,0
DA:68,0
DA:70,0
DA:72,1
DA:73,1
DA:74,1
DA:77,1
DA:78,1
DA:83,1
DA:84,10
DA:85,5
DA:86,5
DA:87,1
DA:92,1
DA:94,1
DA:95,13
DA:98,0
DA:99,0
DA:100,0
DA:107,0
DA:112,0
DA:114,0
DA:117,0
DA:118,0
DA:119,0
DA:120,0
DA:121,0
DA:122,0
DA:123,0
DA:124,0
DA:128,0
DA:129,0
DA:132,0
DA:135,0
DA:138,0
DA:139,0
DA:140,0
DA:141,0
DA:142,0
DA:143,0
DA:144,0
DA:146,3
DA:150,8
DA:157,0
DA:158,0
DA:159,0
DA:160,0
DA:162,0
DA:163,0
DA:167,0
DA:168,0
DA:169,0
DA:170,0
DA:172,0
DA:173,0
LF:85
LH:33
end_of_record
TN:
SF:/Users/andresv/EventSonic/EventSonic/EventSonic/ListViewController.h
FN:19,-[ListViewController setTable:]
FN:19,-[ListViewController table]
FN:20,-[ListViewController setEventCount:]
FN:20,-[ListViewController eventCount]
FN:21,-[ListViewController setEvents:]
FN:21,-[ListViewController events]
FN:22,-[ListViewController eventInfo]
FN:22,-[ListViewController setEventInfo:]
FN:23,-[ListViewController tableData]
FN:23,-[ListViewController setTableData:]
FNDA:0,-[ListViewController table]
FNDA:0,-[ListViewController eventCount]
FNDA:0,-[ListViewController setEvents:]
FNDA:0,-[ListViewController events]
FNDA:0,-[ListViewController tableData]
FNDA:0,-[ListViewController setEventCount:]
FNDA:0,-[ListViewController eventInfo]
FNDA:1,-[ListViewController setTable:]
FNDA:0,-[ListViewController setEventInfo:]
FNDA:0,-[ListViewController setTableData:]
FNF:10
FNH:1
DA:19,1
DA:20,0
DA:21,0
DA:22,0
DA:23,0
LF:5
LH:1
end_of_record
TN:
SF:/Users/andresv/EventSonic/EventSonic/EventSonic/ListViewController.m
FN:15,-[ListViewController .cxx_destruct]
FN:22,-[ListViewController viewDidLoad]
FN:27,-[ListViewController viewDidAppear:]
FN:46,-[ListViewController managedObjectContext]
FN:51,-[ListViewController didReceiveMemoryWarning]
FN:56,-[ListViewController clickNew:]
FN:71,-[ListViewController numberOfSectionsInTableView:]
FN:75,-[ListViewController tableView:numberOfRowsInSection:]
FN:80,-[ListViewController tableView:cellForRowAtIndexPath:]
FN:94,-[ListViewController tableView:didSelectRowAtIndexPath:]
FNDA:0,-[ListViewController .cxx_destruct]
FNDA:0,-[ListViewController tableView:numberOfRowsInSection:]
FNDA:0,-[ListViewController didReceiveMemoryWarning]
FNDA:0,-[ListViewController managedObjectContext]
FNDA:1,-[ListViewController viewDidLoad]
FNDA:0,-[ListViewController tableView:didSelectRowAtIndexPath:]
FNDA:0,-[ListViewController viewDidAppear:]
FNDA:0,-[ListViewController tableView:cellForRowAtIndexPath:]
FNDA:0,-[ListViewController numberOfSectionsInTableView:]
FNDA:1,-[ListViewController clickNew:]
FNF:10
FNH:2
DA:15,0
DA:23,1
DA:25,1
DA:28,0
DA:29,0
DA:31,0
DA:32,0
DA:33,0
DA:35,0
DA:36,0
DA:37,0
DA:38,0
DA:40,0
DA:41,0
DA:42,0
DA:43,0
DA:44,0
DA:45,0
DA:48,0
DA:52,0
DA:54,0
DA:57,1
DA:58,1
DA:59,1
DA:60,1
DA:61,1
DA:62,1
DA:63,1
DA:64,1
DA:65,1
DA:66,1
DA:72,0
DA:73,0
DA:77,0
DA:78,0
DA:82,0
DA:83,0
DA:84,0
DA:85,0
DA:87,0
DA:89,0
DA:91,0
DA:92,0
DA:95,0
DA:96,0
DA:97,0
DA:98,0
DA:99,0
DA:100,0
DA:101,0
LF:50
LH:12
end_of_record
TN:
SF:/Users/andresv/EventSonic/EventSonic/EventSonic/MapViewController.h
FN:20,-[MapViewController manager]
FN:20,-[MapViewController setManager:]
FN:22,-[MapViewController setDesiredRadius:]
FN:22,-[MapViewController desiredRadius]
FN:23,-[MapViewController setEventCount:]
FN:23,-[MapViewController eventCount]
FN:24,-[MapViewController events]
FN:24,-[MapViewController setEvents:]
FN:25,-[MapViewController mapView_]
FN:25,-[MapViewController setMapView_:]
FN:26,-[MapViewController setMarkerList:]
FN:26,-[MapViewController markerList]
FN:27,-[MapViewController eventController]
FN:27,-[MapViewController setEventController:]
FNDA:0,-[MapViewController setEventCount:]
FNDA:1,-[MapViewController eventController]
FNDA:0,-[MapViewController events]
FNDA:0,-[MapViewController setMapView_:]
FNDA:0,-[MapViewController setEventController:]
FNDA:0,-[MapViewController mapView_]
FNDA:26,-[MapViewController manager]
FNDA:0,-[MapViewController setMarkerList:]
FNDA:0,-[MapViewController setDesiredRadius:]
FNDA:0,-[MapViewController eventCount]
FNDA:3,-[MapViewController setEvents:]
FNDA:14,-[MapViewController markerList]
FNDA:0,-[MapViewController desiredRadius]
FNDA:5,-[MapViewController setManager:]
FNF:14
FNH:5
DA:20,31
DA:22,0
DA:23,0
DA:24,3
DA:25,0
DA:26,14
DA:27,1
LF:7
LH:4
end_of_record
TN:
SF:/Users/andresv/EventSonic/EventSonic/EventSonic/MapViewController.m
FN:15,-[MapViewController .cxx_destruct]
FN:22,-[MapViewController viewDidLoad]
FN:50,-[MapViewController viewDidAppear:]
FN:91,-[MapViewController managedObjectContext]
FN:96,-[MapViewController didReceiveMemoryWarning]
FN:102,-[MapViewController setupGoogleMap]
FN:120,-[MapViewController mapView:didTapAtCoordinate:]
FN:132,-[MapViewController mapView:didTapInfoWindowOfMarker:]
FN:149,-[MapViewController locationManager:didFailWithError:]
FN:161,-[MapViewController alertView:clickedButtonAtIndex:]
FN:167,-[MapViewController locationManager:didUpdateLocations:]
FN:174,__56-[MapViewController locationManager:didUpdateLocations:]_block_invoke
FN:187,-[MapViewController locationManager:didChangeAuthorizationStatus:]
FNDA:4,-[MapViewController .cxx_destruct]
FNDA:3,-[MapViewController managedObjectContext]
FNDA:1,-[MapViewController locationManager:didUpdateLocations:]
FNDA:0,-[MapViewController mapView:didTapInfoWindowOfMarker:]
FNDA:5,-[MapViewController viewDidLoad]
FNDA:0,-[MapViewController alertView:clickedButtonAtIndex:]
FNDA:0,-[MapViewController locationManager:didFailWithError:]
FNDA:0,-[MapViewController didReceiveMemoryWarning]
FNDA:0,-[MapViewController setupGoogleMap]
FNDA:0,__56-[MapViewController locationManager:didUpdateLocations:]_block_invoke
FNDA:3,-[MapViewController viewDidAppear:]
FNDA:1,-[MapViewController locationManager:didChangeAuthorizationStatus:]
FNDA:1,-[MapViewController mapView:didTapAtCoordinate:]
FNF:13
FNH:7
DA:15,4
DA:23,5
DA:24,5
DA:34,5
DA:38,5
DA:39,5
DA:40,5
DA:41,5
DA:42,5
DA:43,5
DA:44,5
DA:46,5
DA:47,5
DA:48,5
DA:52,3
DA:53,3
DA:55,3
DA:57,3
DA:58,3
DA:61,15
DA:62,3
DA:63,3
DA:64,3
DA:65,15
DA:68,3
DA:69,3
DA:75,64
DA:76,29
DA:77,29
DA:78,29
DA:79,29
DA:80,45
DA:81,15
DA:82,15
DA:83,15
DA:84,15
DA:85,15
DA:86,15
DA:88,29
DA:89,3
DA:93,3
DA:97,0
DA:99,0
DA:104,0
DA:105,0
DA:108,0
DA:109,0
DA:110,0
DA:111,0
DA:112,0
DA:115,0
DA:117,0
DA:121,1
DA:122,1
DA:123,1
DA:124,1
DA:125,1
DA:126,1
DA:127,1
DA:129,1
DA:135,0
DA:136,0
DA:138,0
DA:139,0
DA:140,0
DA:141,0
DA:142,0
DA:143,0
DA:144,0
DA:159,0
DA:162,0
DA:163,0
DA:164,0
DA:168,1
DA:169,1
DA:170,1
DA:172,0
DA:174,0
DA:176,0
DA:177,0
DA:178,0
DA:180,0
DA:182,0
DA:183,0
DA:184,0
DA:185,2
DA:189,1
DA:191,1
LF:88
LH:55
end_of_record
